 
 -------------- celery@Mac v5.5.3 (immunity)
--- ***** ----- 
-- ******* ---- macOS-15.2-arm64-arm-64bit 2025-11-25 16:20:45
- *** --- * --- 
- ** ---------- [config]
- ** ---------- .> app:         hpc_worker:0x122800c70
- ** ---------- .> transport:   redis://localhost:6379/0
- ** ---------- .> results:     redis://localhost:6379/0
- *** --- * --- .> concurrency: 16 (prefork)
-- ******* ---- .> task events: OFF (enable -E to monitor tasks in this worker)
--- ***** ----- 
 -------------- [queues]
                .> celery           exchange=celery(direct) key=celery
                

[tasks]
  . tasks.run_simulation
  . tasks.submit_slurm_job

[2025-11-25 16:20:46,091: INFO/MainProcess] Connected to redis://localhost:6379/0
[2025-11-25 16:20:46,094: INFO/MainProcess] mingle: searching for neighbors
[2025-11-25 16:20:47,100: INFO/MainProcess] mingle: all alone
[2025-11-25 16:20:47,113: INFO/MainProcess] celery@Mac ready.
[2025-11-25 16:23:05,677: INFO/MainProcess] Task tasks.run_simulation[c62f3e44-d914-4734-b5f1-c651f6cdea1c] received
[2025-11-25 16:23:05,678: WARNING/ForkPoolWorker-16] [c62f3e44-d914-4734-b5f1-c651f6cdea1c] Starting gpaw simulation: pyridine_energy_fd_PBE
[2025-11-25 16:23:05,721: WARNING/ForkPoolWorker-16] [c62f3e44-d914-4734-b5f1-c651f6cdea1c] Using GPAW (version: 25.7.0)
[2025-11-25 16:23:06,741: WARNING/ForkPoolWorker-16] Successfully converted SMILES 'c1ccncc1' to 3D structure with 11 atoms
[2025-11-25 16:23:06,742: WARNING/ForkPoolWorker-16] [c62f3e44-d914-4734-b5f1-c651f6cdea1c] Job directory created: /var/folders/wq/5b3hv3c95yxfjn4t76l2jt580000gp/T/backplane_jobs/c62f3e44-d914-4734-b5f1-c651f6cdea1c
[2025-11-25 16:25:22,673: WARNING/ForkPoolWorker-16] [c62f3e44-d914-4734-b5f1-c651f6cdea1c] Simulation completed successfully
[2025-11-25 16:25:22,675: INFO/ForkPoolWorker-16] Task tasks.run_simulation[c62f3e44-d914-4734-b5f1-c651f6cdea1c] succeeded in 136.992868916s: {'status': 'success', 'execution_time': 135.92912983894348, 'results': {'system_name': 'GPAW_calc', 'calculation_type': 'energy', 'optimized': False, 'energy_ev': -71.16823222232917, 'energy_hartree': -2.615382972663265, 'forces': [[...], [...], [...], [...], [...], [...], [...], [...], [...], [...], [...]], 'positions': [[...], [...], [...], [...], [...], [...], [...], [...], [...], [...], [...]], 'dipole_moment': [-0.03811387697390044, 0.4571441341087302, 0.0038039617910050833]}, 'output_files': {'input': '/var/folders/wq/5b3hv3c95yxfjn4t76l2jt580000gp/T/backplane_jobs/c62f3e44-d914-4734-b5f1-c651f6cdea1c/gpaw_calc.py', 'output': '/var/folders/wq/5b3hv3c95yxfjn4t76l2jt580000gp/T/backplane_jobs/c62f3e44-d914-4734-b5f1-c651f6cdea1c/gpaw_output.txt', 'log': '/var/folders/wq/5b3hv3c95yxfjn4t76l2jt580000gp/T/backplane_jobs/c62f3e44-d914-4734-b5f1-c651f6cdea1c/job.log', 'metadata': '/var/folders/wq/5b3hv3c95yxfjn4t76l2jt580000gp/T/backplane_jobs/c62f3e44-d914-4734-b5f1-c651f6cdea1c/job_metadata.json'}, 'job_id': , ...}
[2025-11-25 16:34:40,950: INFO/MainProcess] Task tasks.run_simulation[56eeba80-1ce0-44af-8a26-1cc6bcf3bb76] received
[2025-11-25 16:34:40,951: WARNING/ForkPoolWorker-16] [56eeba80-1ce0-44af-8a26-1cc6bcf3bb76] Starting gpaw simulation: pyridine_gpaw_fd_pbe
[2025-11-25 16:34:40,953: WARNING/ForkPoolWorker-16] [56eeba80-1ce0-44af-8a26-1cc6bcf3bb76] Using GPAW (version: 25.7.0)
[2025-11-25 16:34:40,963: WARNING/ForkPoolWorker-16] Successfully converted SMILES 'c1ccncc1' to 3D structure with 11 atoms
[2025-11-25 16:34:40,963: WARNING/ForkPoolWorker-16] [56eeba80-1ce0-44af-8a26-1cc6bcf3bb76] Job directory created: /var/folders/wq/5b3hv3c95yxfjn4t76l2jt580000gp/T/backplane_jobs/56eeba80-1ce0-44af-8a26-1cc6bcf3bb76
[2025-11-25 16:37:07,011: WARNING/ForkPoolWorker-16] [56eeba80-1ce0-44af-8a26-1cc6bcf3bb76] Simulation completed successfully
[2025-11-25 16:37:07,013: INFO/ForkPoolWorker-16] Task tasks.run_simulation[56eeba80-1ce0-44af-8a26-1cc6bcf3bb76] succeeded in 146.05796287499993s: {'status': 'success', 'execution_time': 146.04601001739502, 'results': {'system_name': 'GPAW_calc', 'calculation_type': 'energy', 'optimized': False, 'energy_ev': -71.16823222232917, 'energy_hartree': -2.615382972663265, 'forces': [[...], [...], [...], [...], [...], [...], [...], [...], [...], [...], [...]], 'positions': [[...], [...], [...], [...], [...], [...], [...], [...], [...], [...], [...]], 'dipole_moment': [-0.03811387697390044, 0.4571441341087302, 0.0038039617910050833]}, 'output_files': {'input': '/var/folders/wq/5b3hv3c95yxfjn4t76l2jt580000gp/T/backplane_jobs/56eeba80-1ce0-44af-8a26-1cc6bcf3bb76/gpaw_calc.py', 'output': '/var/folders/wq/5b3hv3c95yxfjn4t76l2jt580000gp/T/backplane_jobs/56eeba80-1ce0-44af-8a26-1cc6bcf3bb76/gpaw_output.txt', 'log': '/var/folders/wq/5b3hv3c95yxfjn4t76l2jt580000gp/T/backplane_jobs/56eeba80-1ce0-44af-8a26-1cc6bcf3bb76/job.log', 'metadata': '/var/folders/wq/5b3hv3c95yxfjn4t76l2jt580000gp/T/backplane_jobs/56eeba80-1ce0-44af-8a26-1cc6bcf3bb76/job_metadata.json'}, 'job_id': , ...}
[2025-11-25 16:50:45,946: INFO/MainProcess] Task tasks.run_simulation[72912c09-302b-4930-943b-dfc5952f383e] received
[2025-11-25 16:50:45,947: WARNING/ForkPoolWorker-16] [72912c09-302b-4930-943b-dfc5952f383e] Starting gpaw simulation: Imidazole_GPAW_fd_PBE
[2025-11-25 16:50:45,947: WARNING/ForkPoolWorker-16] [72912c09-302b-4930-943b-dfc5952f383e] Using GPAW (version: 25.7.0)
[2025-11-25 16:50:45,950: WARNING/ForkPoolWorker-16] Successfully converted SMILES 'c1cnc[nH]1' to 3D structure with 9 atoms
[2025-11-25 16:50:45,950: WARNING/ForkPoolWorker-16] [72912c09-302b-4930-943b-dfc5952f383e] Job directory created: /var/folders/wq/5b3hv3c95yxfjn4t76l2jt580000gp/T/backplane_jobs/72912c09-302b-4930-943b-dfc5952f383e
[2025-11-25 16:52:59,807: WARNING/ForkPoolWorker-16] [72912c09-302b-4930-943b-dfc5952f383e] Simulation completed successfully
[2025-11-25 16:52:59,809: INFO/ForkPoolWorker-16] Task tasks.run_simulation[72912c09-302b-4930-943b-dfc5952f383e] succeeded in 133.88303995799993s: {'status': 'success', 'execution_time': 133.8552529811859, 'results': {'system_name': 'GPAW_calc', 'calculation_type': 'energy', 'optimized': False, 'energy_ev': -57.91844360300337, 'energy_hartree': -2.128462468046604, 'forces': [[...], [...], [...], [...], [...], [...], [...], [...], [...]], 'positions': [[...], [...], [...], [...], [...], [...], [...], [...], [...]], 'dipole_moment': [0.2452783916702474, 0.759276887742334, -0.07000741226187474]}, 'output_files': {'input': '/var/folders/wq/5b3hv3c95yxfjn4t76l2jt580000gp/T/backplane_jobs/72912c09-302b-4930-943b-dfc5952f383e/gpaw_calc.py', 'output': '/var/folders/wq/5b3hv3c95yxfjn4t76l2jt580000gp/T/backplane_jobs/72912c09-302b-4930-943b-dfc5952f383e/gpaw_output.txt', 'log': '/var/folders/wq/5b3hv3c95yxfjn4t76l2jt580000gp/T/backplane_jobs/72912c09-302b-4930-943b-dfc5952f383e/job.log', 'metadata': '/var/folders/wq/5b3hv3c95yxfjn4t76l2jt580000gp/T/backplane_jobs/72912c09-302b-4930-943b-dfc5952f383e/job_metadata.json'}, 'job_id': '72912c09-302b-4930-943b-dfc5952f3...', ...}
[2025-11-25 16:59:15,947: INFO/MainProcess] Task tasks.run_simulation[8e8faea6-0691-420b-9bd4-ee95f0242abc] received
[2025-11-25 16:59:15,949: WARNING/ForkPoolWorker-16] [8e8faea6-0691-420b-9bd4-ee95f0242abc] Starting gpaw simulation: bipyridine_gpaw_fd_pbe
[2025-11-25 16:59:15,950: WARNING/ForkPoolWorker-16] [8e8faea6-0691-420b-9bd4-ee95f0242abc] Using GPAW (version: 25.7.0)
[2025-11-25 16:59:15,956: WARNING/ForkPoolWorker-16] Successfully converted SMILES 'c1ccnc(c1)c2ccccn2' to 3D structure with 20 atoms
[2025-11-25 16:59:15,957: WARNING/ForkPoolWorker-16] [8e8faea6-0691-420b-9bd4-ee95f0242abc] Job directory created: /var/folders/wq/5b3hv3c95yxfjn4t76l2jt580000gp/T/backplane_jobs/8e8faea6-0691-420b-9bd4-ee95f0242abc
[2025-11-25 17:03:45,974: WARNING/ForkPoolWorker-16] [8e8faea6-0691-420b-9bd4-ee95f0242abc] Simulation completed successfully
[2025-11-25 17:03:45,976: INFO/ForkPoolWorker-16] Task tasks.run_simulation[8e8faea6-0691-420b-9bd4-ee95f0242abc] succeeded in 270.02159466700004s: {'status': 'success', 'execution_time': 270.0151197910309, 'results': {'system_name': 'GPAW_calc', 'calculation_type': 'energy', 'optimized': False, 'energy_ev': -135.08849356042887, 'energy_hartree': -4.9644080628129705, 'forces': [[...], [...], [...], [...], [...], [...], [...], [...], [...], [...], [...], [...], [...], [...], [...], [...], [...], [...], [...], [...]], 'positions': [[...], [...], [...], [...], [...], [...], [...], [...], [...], [...], [...], [...], [...], [...], [...], [...], [...], [...], [...], [...]], 'dipole_moment': [-0.059739150148814715, 0.45117273087801724, -0.4313041600318873]}, 'output_files': {'input': '/var/folders/wq/5b3hv3c95yxfjn4t76l2jt580000gp/T/backplane_jobs/8e8faea6-0691-420b-9bd4-ee95f0242abc/gpaw_calc.py', 'output': '/var/folders/wq/5b3hv3c95yxfjn4t76l2jt580000gp/T/backplane_jobs/8e8faea6-0691-420b-9bd4-ee95f0242abc/gpaw_output.txt', 'log': '/var/folders/wq/5b3hv3c95yxfjn4t76l2jt580000gp/T/backplane_jobs/8e8faea6-0691-420b-9bd4-ee95f0242abc/job.log', 'metadata': '/var/f...', ...}
[2025-11-25 17:09:46,938: INFO/MainProcess] Task tasks.run_simulation[8be24a71-e2ee-4809-9bc6-e6fb24ae1abe] received
[2025-11-25 17:09:46,939: WARNING/ForkPoolWorker-16] [8be24a71-e2ee-4809-9bc6-e6fb24ae1abe] Starting gpaw simulation: NH3_GPAW_fd_PBE
[2025-11-25 17:09:46,940: WARNING/ForkPoolWorker-16] [8be24a71-e2ee-4809-9bc6-e6fb24ae1abe] Using GPAW (version: 25.7.0)
[2025-11-25 17:09:46,944: WARNING/ForkPoolWorker-16] Successfully converted SMILES 'N' to 3D structure with 4 atoms
[2025-11-25 17:09:46,945: WARNING/ForkPoolWorker-16] [8be24a71-e2ee-4809-9bc6-e6fb24ae1abe] Job directory created: /var/folders/wq/5b3hv3c95yxfjn4t76l2jt580000gp/T/backplane_jobs/8be24a71-e2ee-4809-9bc6-e6fb24ae1abe
[2025-11-25 17:10:22,250: WARNING/ForkPoolWorker-16] [8be24a71-e2ee-4809-9bc6-e6fb24ae1abe] Simulation completed successfully
[2025-11-25 17:10:22,252: INFO/ForkPoolWorker-16] Task tasks.run_simulation[8be24a71-e2ee-4809-9bc6-e6fb24ae1abe] succeeded in 35.31233404100021s: {'status': 'success', 'execution_time': 35.3030002117157, 'results': {'system_name': 'GPAW_calc', 'calculation_type': 'energy', 'optimized': False, 'energy_ev': -19.573003419413396, 'energy_hartree': -0.7192942450374988, 'forces': [[...], [...], [...], [...]], 'positions': [[...], [...], [...], [...]], 'dipole_moment': [0.0042533274907704385, 0.0009271178074624556, -0.30431242133604414]}, 'output_files': {'input': '/var/folders/wq/5b3hv3c95yxfjn4t76l2jt580000gp/T/backplane_jobs/8be24a71-e2ee-4809-9bc6-e6fb24ae1abe/gpaw_calc.py', 'output': '/var/folders/wq/5b3hv3c95yxfjn4t76l2jt580000gp/T/backplane_jobs/8be24a71-e2ee-4809-9bc6-e6fb24ae1abe/gpaw_output.txt', 'log': '/var/folders/wq/5b3hv3c95yxfjn4t76l2jt580000gp/T/backplane_jobs/8be24a71-e2ee-4809-9bc6-e6fb24ae1abe/job.log', 'metadata': '/var/folders/wq/5b3hv3c95yxfjn4t76l2jt580000gp/T/backplane_jobs/8be24a71-e2ee-4809-9bc6-e6fb24ae1abe/job_metadata.json'}, 'job_id': '8be24a71-e2ee-4809-9bc6-e6fb24ae1abe', 'application': 'gpaw', 'experiment_name': 'NH3_GPAW_fd_P...', ...}
[2025-11-25 17:13:14,254: INFO/MainProcess] Task tasks.run_simulation[b0879fb1-d735-4a85-8e3c-933f02231200] received
[2025-11-25 17:13:14,256: WARNING/ForkPoolWorker-16] [b0879fb1-d735-4a85-8e3c-933f02231200] Starting gpaw simulation: hydrazine_gpaw_fd_pbe
[2025-11-25 17:13:14,257: WARNING/ForkPoolWorker-16] [b0879fb1-d735-4a85-8e3c-933f02231200] Using GPAW (version: 25.7.0)
[2025-11-25 17:13:14,260: WARNING/ForkPoolWorker-16] Successfully converted SMILES 'NN' to 3D structure with 6 atoms
[2025-11-25 17:13:14,262: WARNING/ForkPoolWorker-16] [b0879fb1-d735-4a85-8e3c-933f02231200] Job directory created: /var/folders/wq/5b3hv3c95yxfjn4t76l2jt580000gp/T/backplane_jobs/b0879fb1-d735-4a85-8e3c-933f02231200
[2025-11-25 17:14:00,025: WARNING/ForkPoolWorker-16] [b0879fb1-d735-4a85-8e3c-933f02231200] Simulation completed successfully
[2025-11-25 17:14:00,026: INFO/ForkPoolWorker-16] Task tasks.run_simulation[b0879fb1-d735-4a85-8e3c-933f02231200] succeeded in 45.76971329199978s: {'status': 'success', 'execution_time': 45.76088809967041, 'results': {'system_name': 'GPAW_calc', 'calculation_type': 'energy', 'optimized': False, 'energy_ev': -30.330456464126705, 'energy_hartree': -1.114623152947908, 'forces': [[...], [...], [...], [...], [...], [...]], 'positions': [[...], [...], [...], [...], [...], [...]], 'dipole_moment': [-0.0002795570612559724, 0.01044537974277368, 0.47337553999983284]}, 'output_files': {'input': '/var/folders/wq/5b3hv3c95yxfjn4t76l2jt580000gp/T/backplane_jobs/b0879fb1-d735-4a85-8e3c-933f02231200/gpaw_calc.py', 'output': '/var/folders/wq/5b3hv3c95yxfjn4t76l2jt580000gp/T/backplane_jobs/b0879fb1-d735-4a85-8e3c-933f02231200/gpaw_output.txt', 'log': '/var/folders/wq/5b3hv3c95yxfjn4t76l2jt580000gp/T/backplane_jobs/b0879fb1-d735-4a85-8e3c-933f02231200/job.log', 'metadata': '/var/folders/wq/5b3hv3c95yxfjn4t76l2jt580000gp/T/backplane_jobs/b0879fb1-d735-4a85-8e3c-933f02231200/job_metadata.json'}, 'job_id': 'b0879fb1-d735-4a85-8e3c-933f02231200', 'application': 'gpaw', 'experi...', ...}
[2025-11-25 17:17:29,878: INFO/MainProcess] Task tasks.run_simulation[92df2133-b303-4c05-b5d7-7ae2453469fa] received
[2025-11-25 17:17:29,881: WARNING/ForkPoolWorker-16] [92df2133-b303-4c05-b5d7-7ae2453469fa] Starting gpaw simulation: Pyrazole_GPAW_FD_PBE
[2025-11-25 17:17:29,882: WARNING/ForkPoolWorker-16] [92df2133-b303-4c05-b5d7-7ae2453469fa] Using GPAW (version: 25.7.0)
[2025-11-25 17:17:29,888: WARNING/ForkPoolWorker-16] Successfully converted SMILES 'c1c[nH]nc1' to 3D structure with 9 atoms
[2025-11-25 17:17:29,889: WARNING/ForkPoolWorker-16] [92df2133-b303-4c05-b5d7-7ae2453469fa] Job directory created: /var/folders/wq/5b3hv3c95yxfjn4t76l2jt580000gp/T/backplane_jobs/92df2133-b303-4c05-b5d7-7ae2453469fa
[2025-11-25 17:19:05,907: WARNING/ForkPoolWorker-16] [92df2133-b303-4c05-b5d7-7ae2453469fa] Simulation completed successfully
[2025-11-25 17:19:05,909: INFO/ForkPoolWorker-16] Task tasks.run_simulation[92df2133-b303-4c05-b5d7-7ae2453469fa] succeeded in 96.02696441700027s: {'status': 'success', 'execution_time': 96.01577591896057, 'results': {'system_name': 'GPAW_calc', 'calculation_type': 'energy', 'optimized': False, 'energy_ev': -57.464086574687606, 'energy_hartree': -2.1117651636699177, 'forces': [[...], [...], [...], [...], [...], [...], [...], [...], [...]], 'positions': [[...], [...], [...], [...], [...], [...], [...], [...], [...]], 'dipole_moment': [-0.32772299687948164, 0.3375883862408828, -0.04154478314673242]}, 'output_files': {'input': '/var/folders/wq/5b3hv3c95yxfjn4t76l2jt580000gp/T/backplane_jobs/92df2133-b303-4c05-b5d7-7ae2453469fa/gpaw_calc.py', 'output': '/var/folders/wq/5b3hv3c95yxfjn4t76l2jt580000gp/T/backplane_jobs/92df2133-b303-4c05-b5d7-7ae2453469fa/gpaw_output.txt', 'log': '/var/folders/wq/5b3hv3c95yxfjn4t76l2jt580000gp/T/backplane_jobs/92df2133-b303-4c05-b5d7-7ae2453469fa/job.log', 'metadata': '/var/folders/wq/5b3hv3c95yxfjn4t76l2jt580000gp/T/backplane_jobs/92df2133-b303-4c05-b5d7-7ae2453469fa/job_metadata.json'}, 'job_id': '92df2133-b303-4c05-b5d7-7ae2...', ...}
[2025-11-25 17:22:58,843: INFO/MainProcess] Task tasks.run_simulation[59f0c6ab-89f3-4099-8108-0e2318293a03] received
[2025-11-25 17:22:58,844: WARNING/ForkPoolWorker-16] [59f0c6ab-89f3-4099-8108-0e2318293a03] Starting gpaw simulation: 1_2_4_triazole_gpaw_fd
[2025-11-25 17:22:58,845: WARNING/ForkPoolWorker-16] [59f0c6ab-89f3-4099-8108-0e2318293a03] Using GPAW (version: 25.7.0)
[2025-11-25 17:22:58,849: WARNING/ForkPoolWorker-16] Successfully converted SMILES 'c1ncn[nH]1' to 3D structure with 8 atoms
[2025-11-25 17:22:58,850: WARNING/ForkPoolWorker-16] [59f0c6ab-89f3-4099-8108-0e2318293a03] Job directory created: /var/folders/wq/5b3hv3c95yxfjn4t76l2jt580000gp/T/backplane_jobs/59f0c6ab-89f3-4099-8108-0e2318293a03
[2025-11-25 17:24:36,092: WARNING/ForkPoolWorker-16] [59f0c6ab-89f3-4099-8108-0e2318293a03] Simulation completed successfully
[2025-11-25 17:24:36,094: INFO/ForkPoolWorker-16] Task tasks.run_simulation[59f0c6ab-89f3-4099-8108-0e2318293a03] succeeded in 97.24793287500006s: {'status': 'success', 'execution_time': 97.23944115638733, 'results': {'system_name': 'GPAW_calc', 'calculation_type': 'energy', 'optimized': False, 'energy_ev': -53.25064656421405, 'energy_hartree': -1.9569241775217023, 'forces': [[...], [...], [...], [...], [...], [...], [...], [...]], 'positions': [[...], [...], [...], [...], [...], [...], [...], [...]], 'dipole_moment': [-0.574070949892805, 0.18693262705517966, -0.0027464160294079147]}, 'output_files': {'input': '/var/folders/wq/5b3hv3c95yxfjn4t76l2jt580000gp/T/backplane_jobs/59f0c6ab-89f3-4099-8108-0e2318293a03/gpaw_calc.py', 'output': '/var/folders/wq/5b3hv3c95yxfjn4t76l2jt580000gp/T/backplane_jobs/59f0c6ab-89f3-4099-8108-0e2318293a03/gpaw_output.txt', 'log': '/var/folders/wq/5b3hv3c95yxfjn4t76l2jt580000gp/T/backplane_jobs/59f0c6ab-89f3-4099-8108-0e2318293a03/job.log', 'metadata': '/var/folders/wq/5b3hv3c95yxfjn4t76l2jt580000gp/T/backplane_jobs/59f0c6ab-89f3-4099-8108-0e2318293a03/job_metadata.json'}, 'job_id': '59f0c6ab-89f3-4099-8108-0e2318293a03', 'ap...', ...}
[2025-11-25 17:28:42,749: INFO/MainProcess] Task tasks.run_simulation[e9421c88-584a-4178-ba6f-41064a3800cf] received
[2025-11-25 17:28:42,752: WARNING/ForkPoolWorker-16] [e9421c88-584a-4178-ba6f-41064a3800cf] Starting gpaw simulation: Methylamine_GPAW_energy
[2025-11-25 17:28:42,753: WARNING/ForkPoolWorker-16] [e9421c88-584a-4178-ba6f-41064a3800cf] Using GPAW (version: 25.7.0)
[2025-11-25 17:28:42,759: WARNING/ForkPoolWorker-16] Successfully converted SMILES 'CN' to 3D structure with 7 atoms
[2025-11-25 17:28:42,761: WARNING/ForkPoolWorker-16] [e9421c88-584a-4178-ba6f-41064a3800cf] Job directory created: /var/folders/wq/5b3hv3c95yxfjn4t76l2jt580000gp/T/backplane_jobs/e9421c88-584a-4178-ba6f-41064a3800cf
[2025-11-25 17:29:20,243: INFO/MainProcess] Task tasks.run_simulation[dea8c607-2fd9-4751-9fc3-94ddc22e3f40] received
[2025-11-25 17:29:20,248: WARNING/ForkPoolWorker-1] [dea8c607-2fd9-4751-9fc3-94ddc22e3f40] Starting gpaw simulation: Methylamine_GPAW_relax
[2025-11-25 17:29:20,325: WARNING/ForkPoolWorker-1] [dea8c607-2fd9-4751-9fc3-94ddc22e3f40] Using GPAW (version: 25.7.0)
[2025-11-25 17:29:21,532: WARNING/ForkPoolWorker-1] Successfully converted SMILES 'CN' to 3D structure with 7 atoms
[2025-11-25 17:29:21,532: WARNING/ForkPoolWorker-1] [dea8c607-2fd9-4751-9fc3-94ddc22e3f40] Job directory created: /var/folders/wq/5b3hv3c95yxfjn4t76l2jt580000gp/T/backplane_jobs/dea8c607-2fd9-4751-9fc3-94ddc22e3f40
[2025-11-25 17:29:27,017: WARNING/ForkPoolWorker-16] [e9421c88-584a-4178-ba6f-41064a3800cf] Simulation completed successfully
[2025-11-25 17:29:27,019: INFO/ForkPoolWorker-16] Task tasks.run_simulation[e9421c88-584a-4178-ba6f-41064a3800cf] succeeded in 44.26741112499985s: {'status': 'success', 'execution_time': 44.25270414352417, 'results': {'system_name': 'GPAW_calc', 'calculation_type': 'energy', 'optimized': False, 'energy_ev': -35.63858713501931, 'energy_hartree': -1.3096932585247105, 'forces': [[...], [...], [...], [...], [...], [...], [...]], 'positions': [[...], [...], [...], [...], [...], [...], [...]], 'dipole_moment': [-0.017836844821647636, -0.12832257511696402, -0.252343067482477]}, 'output_files': {'input': '/var/folders/wq/5b3hv3c95yxfjn4t76l2jt580000gp/T/backplane_jobs/e9421c88-584a-4178-ba6f-41064a3800cf/gpaw_calc.py', 'output': '/var/folders/wq/5b3hv3c95yxfjn4t76l2jt580000gp/T/backplane_jobs/e9421c88-584a-4178-ba6f-41064a3800cf/gpaw_output.txt', 'log': '/var/folders/wq/5b3hv3c95yxfjn4t76l2jt580000gp/T/backplane_jobs/e9421c88-584a-4178-ba6f-41064a3800cf/job.log', 'metadata': '/var/folders/wq/5b3hv3c95yxfjn4t76l2jt580000gp/T/backplane_jobs/e9421c88-584a-4178-ba6f-41064a3800cf/job_metadata.json'}, 'job_id': 'e9421c88-584a-4178-ba6f-41064a3800cf', 'application': 'g...', ...}
[2025-11-25 17:47:13,822: WARNING/ForkPoolWorker-1] [dea8c607-2fd9-4751-9fc3-94ddc22e3f40] Simulation completed successfully
[2025-11-25 17:47:13,824: INFO/ForkPoolWorker-1] Task tasks.run_simulation[dea8c607-2fd9-4751-9fc3-94ddc22e3f40] succeeded in 1073.5856764589998s: {'status': 'success', 'execution_time': 1072.286966085434, 'results': {'system_name': 'GPAW_calc', 'calculation_type': 'relaxation', 'optimized': True, 'optimization_steps': 15, 'energy_ev': -35.72327014129156, 'energy_hartree': -1.312805300032029, 'forces': [[...], [...], [...], [...], [...], [...], [...]], 'positions': [[...], [...], [...], [...], [...], [...], [...]], 'dipole_moment': [-0.008303095001989202, -0.11428335471939283, -0.23766969526102064]}, 'output_files': {'input': '/var/folders/wq/5b3hv3c95yxfjn4t76l2jt580000gp/T/backplane_jobs/dea8c607-2fd9-4751-9fc3-94ddc22e3f40/gpaw_calc.py', 'output': '/var/folders/wq/5b3hv3c95yxfjn4t76l2jt580000gp/T/backplane_jobs/dea8c607-2fd9-4751-9fc3-94ddc22e3f40/gpaw_output.txt', 'log': '/var/folders/wq/5b3hv3c95yxfjn4t76l2jt580000gp/T/backplane_jobs/dea8c607-2fd9-4751-9fc3-94ddc22e3f40/job.log', 'metadata': '/var/folders/wq/5b3hv3c95yxfjn4t76l2jt580000gp/T/backplane_jobs/dea8c607-2fd9-4751-9fc3-94ddc22e3f40/job_metadata.json'}, 'job_id': 'dea8c607-2fd9-4751-9fc3-94...', ...}
[2025-11-26 07:57:15,729: INFO/MainProcess] Connected to redis://localhost:6379/0
[2025-11-26 07:57:15,733: INFO/MainProcess] mingle: searching for neighbors
[2025-11-26 07:57:16,741: INFO/MainProcess] mingle: all alone
[2025-11-26 07:57:16,752: INFO/MainProcess] celery@M3acBook-Pro.local ready.
